<?xml version="1.0" encoding="UTF-8"?>
<!-- Generated by org.testng.reporters.JUnitReportReporter -->
<testsuite hostname="DESKTOP-VPQ9AKF" failures="0" tests="12" name="Mytest" time="66.315" errors="0" timestamp="2023-05-21T21:07:48 EET" skipped="0">
  <testcase classname="Mytest" name="CheckForLanguage" time="0.125"/>
  <system-out/>
  <testcase classname="Mytest" name="CheckForCurrencey" time="0.072"/>
  <system-out/>
  <testcase classname="Mytest" name="CheckContactNumber" time="0.250"/>
  <system-out/>
  <testcase classname="Mytest" name="CheckQitafLogo" time="1.317"/>
  <system-out/>
  <testcase classname="Mytest" name="Hotel_Tap_NotSelected" time="0.114"/>
  <system-out/>
  <testcase classname="Mytest" name="DateOfDepature" time="0.077"/>
  <system-out/>
  <testcase classname="Mytest" name="DateOfReturn" time="0.049"/>
  <system-out/>
  <testcase classname="Mytest" name="TestForHotelSearch_DueLan" time="40.038"/>
  <system-out/>
  <testcase classname="Mytest" name="RandomVisitorNumber" time="0.269"/>
  <system-out/>
  <testcase classname="Mytest" name="HotelSearchButton" time="2.750"/>
  <system-out/>
  <testcase classname="Mytest" name="DoneSearching" time="14.953"/>
  <system-out/>
  <testcase classname="Mytest" name="Sorting_From_Low_High" time="6.301"/>
  <system-out/>
</testsuite> <!-- Mytest -->
